# JRE version: Java(TM) SE Runtime Environment (8.0_101-b13) (build 1.8.0_101-b13)
# Java VM: Java HotSpot(TM) 64-Bit Server VM (25.101-b13 mixed mode windows-amd64 compressed oops)
Heap:
 PSYoungGen      total 101888K, used 16477K [0x00000000eab00000, 0x00000000f2400000, 0x0000000100000000)
  eden space 82944K, 4% used [0x00000000eab00000,0x00000000eaeac7d0,0x00000000efc00000)
  from space 18944K, 67% used [0x00000000f1180000,0x00000000f1deaed0,0x00000000f2400000)
  to   space 20480K, 0% used [0x00000000efc00000,0x00000000efc00000,0x00000000f1000000)
 ParOldGen       total 71168K, used 36993K [0x00000000c0000000, 0x00000000c4580000, 0x00000000eab00000)
  object space 71168K, 51% used [0x00000000c0000000,0x00000000c24205f8,0x00000000c4580000)
 Metaspace       used 77364K, capacity 84634K, committed 84736K, reserved 1124352K
  class space    used 10068K, capacity 10664K, committed 10752K, reserved 1048576K
GC Heap History (10 events):
Event: 23642.652 GC heap before
{Heap before GC invocations=167 (full 45):
 PSYoungGen      total 91648K, used 89252K [0x00000000eab00000, 0x00000000f2600000, 0x0000000100000000)
  eden space 81920K, 97% used [0x00000000eab00000,0x00000000ef8de4e0,0x00000000efb00000)
  from space 9728K, 97% used [0x00000000efd80000,0x00000000f06cac08,0x00000000f0700000)
  to   space 22016K, 0% used [0x00000000f1080000,0x00000000f1080000,0x00000000f2600000)
 ParOldGen       total 71168K, used 40085K [0x00000000c0000000, 0x00000000c4580000, 0x00000000eab00000)
  object space 71168K, 56% used [0x00000000c0000000,0x00000000c2725538,0x00000000c4580000)
 Metaspace       used 71112K, capacity 77710K, committed 78592K, reserved 1118208K
  class space    used 9247K, capacity 9717K, committed 10240K, reserved 1048576K
Event: 23642.657 GC heap after
Heap after GC invocations=167 (full 45):
 PSYoungGen      total 98816K, used 9994K [0x00000000eab00000, 0x00000000f2300000, 0x0000000100000000)
  eden space 79872K, 0% used [0x00000000eab00000,0x00000000eab00000,0x00000000ef900000)
  from space 18944K, 52% used [0x00000000f1080000,0x00000000f1a42818,0x00000000f2300000)
  to   space 21504K, 0% used [0x00000000ef900000,0x00000000ef900000,0x00000000f0e00000)
 ParOldGen       total 71168K, used 40085K [0x00000000c0000000, 0x00000000c4580000, 0x00000000eab00000)
  object space 71168K, 56% used [0x00000000c0000000,0x00000000c2725538,0x00000000c4580000)
 Metaspace       used 71112K, capacity 77710K, committed 78592K, reserved 1118208K
  class space    used 9247K, capacity 9717K, committed 10240K, reserved 1048576K
}
Event: 23642.797 GC heap before
{Heap before GC invocations=168 (full 45):
 PSYoungGen      total 98816K, used 89866K [0x00000000eab00000, 0x00000000f2300000, 0x0000000100000000)
  eden space 79872K, 100% used [0x00000000eab00000,0x00000000ef900000,0x00000000ef900000)
  from space 18944K, 52% used [0x00000000f1080000,0x00000000f1a42818,0x00000000f2300000)
  to   space 21504K, 0% used [0x00000000ef900000,0x00000000ef900000,0x00000000f0e00000)
 ParOldGen       total 71168K, used 40085K [0x00000000c0000000, 0x00000000c4580000, 0x00000000eab00000)
  object space 71168K, 56% used [0x00000000c0000000,0x00000000c2725538,0x00000000c4580000)
 Metaspace       used 71117K, capacity 77710K, committed 78592K, reserved 1118208K
  class space    used 9247K, capacity 9717K, committed 10240K, reserved 1048576K
Event: 23642.801 GC heap after
Heap after GC invocations=168 (full 45):
 PSYoungGen      total 101376K, used 7768K [0x00000000eab00000, 0x00000000f2900000, 0x0000000100000000)
  eden space 79872K, 0% used [0x00000000eab00000,0x00000000eab00000,0x00000000ef900000)
  from space 21504K, 36% used [0x00000000ef900000,0x00000000f0096388,0x00000000f0e00000)
  to   space 20480K, 0% used [0x00000000f1500000,0x00000000f1500000,0x00000000f2900000)
 ParOldGen       total 71168K, used 40085K [0x00000000c0000000, 0x00000000c4580000, 0x00000000eab00000)
  object space 71168K, 56% used [0x00000000c0000000,0x00000000c2725538,0x00000000c4580000)
 Metaspace       used 71117K, capacity 77710K, committed 78592K, reserved 1118208K
  class space    used 9247K, capacity 9717K, committed 10240K, reserved 1048576K
}
Event: 23642.835 GC heap before
{Heap before GC invocations=169 (full 45):
 PSYoungGen      total 101376K, used 14855K [0x00000000eab00000, 0x00000000f2900000, 0x0000000100000000)
  eden space 79872K, 8% used [0x00000000eab00000,0x00000000eb1ebaf0,0x00000000ef900000)
  from space 21504K, 36% used [0x00000000ef900000,0x00000000f0096388,0x00000000f0e00000)
  to   space 20480K, 0% used [0x00000000f1500000,0x00000000f1500000,0x00000000f2900000)
 ParOldGen       total 71168K, used 40085K [0x00000000c0000000, 0x00000000c4580000, 0x00000000eab00000)
  object space 71168K, 56% used [0x00000000c0000000,0x00000000c2725538,0x00000000c4580000)
 Metaspace       used 71118K, capacity 77710K, committed 78592K, reserved 1118208K
  class space    used 9247K, capacity 9717K, committed 10240K, reserved 1048576K
Event: 23642.837 GC heap after
Heap after GC invocations=169 (full 45):
 PSYoungGen      total 108544K, used 736K [0x00000000eab00000, 0x00000000f2900000, 0x0000000100000000)
  eden space 88064K, 0% used [0x00000000eab00000,0x00000000eab00000,0x00000000f0100000)
  from space 20480K, 3% used [0x00000000f1500000,0x00000000f15b8000,0x00000000f2900000)
  to   space 20480K, 0% used [0x00000000f0100000,0x00000000f0100000,0x00000000f1500000)
 ParOldGen       total 71168K, used 40085K [0x00000000c0000000, 0x00000000c4580000, 0x00000000eab00000)
  object space 71168K, 56% used [0x00000000c0000000,0x00000000c2725538,0x00000000c4580000)
 Metaspace       used 71118K, capacity 77710K, committed 78592K, reserved 1118208K
  class space    used 9247K, capacity 9717K, committed 10240K, reserved 1048576K
}
Event: 23642.837 GC heap before
{Heap before GC invocations=170 (full 46):
 PSYoungGen      total 108544K, used 736K [0x00000000eab00000, 0x00000000f2900000, 0x0000000100000000)
  eden space 88064K, 0% used [0x00000000eab00000,0x00000000eab00000,0x00000000f0100000)
  from space 20480K, 3% used [0x00000000f1500000,0x00000000f15b8000,0x00000000f2900000)
  to   space 20480K, 0% used [0x00000000f0100000,0x00000000f0100000,0x00000000f1500000)
 ParOldGen       total 71168K, used 40085K [0x00000000c0000000, 0x00000000c4580000, 0x00000000eab00000)
  object space 71168K, 56% used [0x00000000c0000000,0x00000000c2725538,0x00000000c4580000)
 Metaspace       used 71118K, capacity 77710K, committed 78592K, reserved 1118208K
  class space    used 9247K, capacity 9717K, committed 10240K, reserved 1048576K
Event: 23642.945 GC heap after
Heap after GC invocations=170 (full 46):
 PSYoungGen      total 108544K, used 0K [0x00000000eab00000, 0x00000000f2900000, 0x0000000100000000)
  eden space 88064K, 0% used [0x00000000eab00000,0x00000000eab00000,0x00000000f0100000)
  from space 20480K, 0% used [0x00000000f1500000,0x00000000f1500000,0x00000000f2900000)
  to   space 20480K, 0% used [0x00000000f0100000,0x00000000f0100000,0x00000000f1500000)
 ParOldGen       total 71168K, used 36985K [0x00000000c0000000, 0x00000000c4580000, 0x00000000eab00000)
  object space 71168K, 51% used [0x00000000c0000000,0x00000000c241e5f8,0x00000000c4580000)
 Metaspace       used 71118K, capacity 77710K, committed 78592K, reserved 1118208K
  class space    used 9247K, capacity 9717K, committed 10240K, reserved 1048576K
}
Event: 25541.346 GC heap before
{Heap before GC invocations=171 (full 46):
 PSYoungGen      total 108544K, used 88064K [0x00000000eab00000, 0x00000000f2900000, 0x0000000100000000)
  eden space 88064K, 100% used [0x00000000eab00000,0x00000000f0100000,0x00000000f0100000)
  from space 20480K, 0% used [0x00000000f1500000,0x00000000f1500000,0x00000000f2900000)
  to   space 20480K, 0% used [0x00000000f0100000,0x00000000f0100000,0x00000000f1500000)
 ParOldGen       total 71168K, used 36985K [0x00000000c0000000, 0x00000000c4580000, 0x00000000eab00000)
  object space 71168K, 51% used [0x00000000c0000000,0x00000000c241e5f8,0x00000000c4580000)
 Metaspace       used 71661K, capacity 78442K, committed 79104K, reserved 1118208K
  class space    used 9335K, capacity 9858K, committed 10240K, reserved 1048576K
Event: 25541.352 GC heap after
Heap after GC invocations=171 (full 46):
 PSYoungGen      total 89088K, used 3211K [0x00000000eab00000, 0x00000000f2480000, 0x0000000100000000)
  eden space 85504K, 0% used [0x00000000eab00000,0x00000000eab00000,0x00000000efe80000)
  from space 3584K, 89% used [0x00000000f0100000,0x00000000f0422ca8,0x00000000f0480000)
  to   space 19456K, 0% used [0x00000000f1180000,0x00000000f1180000,0x00000000f2480000)
 ParOldGen       total 71168K, used 36985K [0x00000000c0000000, 0x00000000c4580000, 0x00000000eab00000)
  object space 71168K, 51% used [0x00000000c0000000,0x00000000c241e5f8,0x00000000c4580000)
 Metaspace       used 71661K, capacity 78442K, committed 79104K, reserved 1118208K
  class space    used 9335K, capacity 9858K, committed 10240K, reserved 1048576K
}

