# JRE version: OpenJDK Runtime Environment (8.0_112-b06) (build 1.8.0_112-release-b06)
# Java VM: OpenJDK 64-Bit Server VM (25.112-b06 mixed mode windows-amd64 compressed oops)
Heap:
 PSYoungGen      total 123904K, used 90712K [0x00000000eab00000, 0x00000000f4d00000, 0x0000000100000000)
  eden space 103424K, 68% used [0x00000000eab00000,0x00000000eefe2a60,0x00000000f1000000)
  from space 20480K, 98% used [0x00000000f1280000,0x00000000f26335d8,0x00000000f2680000)
  to   space 31232K, 0% used [0x00000000f2e80000,0x00000000f2e80000,0x00000000f4d00000)
 ParOldGen       total 151040K, used 52157K [0x00000000c0000000, 0x00000000c9380000, 0x00000000eab00000)
  object space 151040K, 34% used [0x00000000c0000000,0x00000000c32ef5c8,0x00000000c9380000)
 Metaspace       used 72753K, capacity 78854K, committed 78976K, reserved 1118208K
  class space    used 9535K, capacity 10502K, committed 10624K, reserved 1048576K
GC Heap History (10 events):
Event: 2123.741 GC heap before
{Heap before GC invocations=32 (full 3):
 PSYoungGen      total 147968K, used 140297K [0x00000000eab00000, 0x00000000f5c80000, 0x0000000100000000)
  eden space 117248K, 100% used [0x00000000eab00000,0x00000000f1d80000,0x00000000f1d80000)
  from space 30720K, 75% used [0x00000000f3e80000,0x00000000f5502760,0x00000000f5c80000)
  to   space 32256K, 0% used [0x00000000f1d80000,0x00000000f1d80000,0x00000000f3d00000)
 ParOldGen       total 151040K, used 48749K [0x00000000c0000000, 0x00000000c9380000, 0x00000000eab00000)
  object space 151040K, 32% used [0x00000000c0000000,0x00000000c2f9b508,0x00000000c9380000)
 Metaspace       used 71669K, capacity 76502K, committed 76800K, reserved 1116160K
  class space    used 9352K, capacity 10184K, committed 10240K, reserved 1048576K
Event: 2123.756 GC heap after
Heap after GC invocations=32 (full 3):
 PSYoungGen      total 134656K, used 20359K [0x00000000eab00000, 0x00000000f5880000, 0x0000000100000000)
  eden space 114176K, 0% used [0x00000000eab00000,0x00000000eab00000,0x00000000f1a80000)
  from space 20480K, 99% used [0x00000000f1d80000,0x00000000f3161ff8,0x00000000f3180000)
  to   space 31744K, 0% used [0x00000000f3980000,0x00000000f3980000,0x00000000f5880000)
 ParOldGen       total 151040K, used 48757K [0x00000000c0000000, 0x00000000c9380000, 0x00000000eab00000)
  object space 151040K, 32% used [0x00000000c0000000,0x00000000c2f9d508,0x00000000c9380000)
 Metaspace       used 71669K, capacity 76502K, committed 76800K, reserved 1116160K
  class space    used 9352K, capacity 10184K, committed 10240K, reserved 1048576K
}
Event: 2124.415 GC heap before
{Heap before GC invocations=33 (full 3):
 PSYoungGen      total 134656K, used 134535K [0x00000000eab00000, 0x00000000f5880000, 0x0000000100000000)
  eden space 114176K, 100% used [0x00000000eab00000,0x00000000f1a80000,0x00000000f1a80000)
  from space 20480K, 99% used [0x00000000f1d80000,0x00000000f3161ff8,0x00000000f3180000)
  to   space 31744K, 0% used [0x00000000f3980000,0x00000000f3980000,0x00000000f5880000)
 ParOldGen       total 151040K, used 48757K [0x00000000c0000000, 0x00000000c9380000, 0x00000000eab00000)
  object space 151040K, 32% used [0x00000000c0000000,0x00000000c2f9d508,0x00000000c9380000)
 Metaspace       used 71733K, capacity 76666K, committed 76800K, reserved 1116160K
  class space    used 9355K, capacity 10190K, committed 10240K, reserved 1048576K
Event: 2124.429 GC heap after
Heap after GC invocations=33 (full 3):
 PSYoungGen      total 142848K, used 24015K [0x00000000eab00000, 0x00000000f5880000, 0x0000000100000000)
  eden space 111104K, 0% used [0x00000000eab00000,0x00000000eab00000,0x00000000f1780000)
  from space 31744K, 75% used [0x00000000f3980000,0x00000000f50f3fb0,0x00000000f5880000)
  to   space 33280K, 0% used [0x00000000f1780000,0x00000000f1780000,0x00000000f3800000)
 ParOldGen       total 151040K, used 48765K [0x00000000c0000000, 0x00000000c9380000, 0x00000000eab00000)
  object space 151040K, 32% used [0x00000000c0000000,0x00000000c2f9f508,0x00000000c9380000)
 Metaspace       used 71733K, capacity 76666K, committed 76800K, reserved 1116160K
  class space    used 9355K, capacity 10190K, committed 10240K, reserved 1048576K
}
Event: 2490.489 GC heap before
{Heap before GC invocations=34 (full 3):
 PSYoungGen      total 142848K, used 135119K [0x00000000eab00000, 0x00000000f5880000, 0x0000000100000000)
  eden space 111104K, 100% used [0x00000000eab00000,0x00000000f1780000,0x00000000f1780000)
  from space 31744K, 75% used [0x00000000f3980000,0x00000000f50f3fb0,0x00000000f5880000)
  to   space 33280K, 0% used [0x00000000f1780000,0x00000000f1780000,0x00000000f3800000)
 ParOldGen       total 151040K, used 48765K [0x00000000c0000000, 0x00000000c9380000, 0x00000000eab00000)
  object space 151040K, 32% used [0x00000000c0000000,0x00000000c2f9f508,0x00000000c9380000)
 Metaspace       used 71865K, capacity 76796K, committed 77056K, reserved 1116160K
  class space    used 9367K, capacity 10205K, committed 10240K, reserved 1048576K
Event: 2490.505 GC heap after
Heap after GC invocations=34 (full 3):
 PSYoungGen      total 130048K, used 21113K [0x00000000eab00000, 0x00000000f5500000, 0x0000000100000000)
  eden space 108544K, 0% used [0x00000000eab00000,0x00000000eab00000,0x00000000f1500000)
  from space 21504K, 98% used [0x00000000f1780000,0x00000000f2c1e7d0,0x00000000f2c80000)
  to   space 32768K, 0% used [0x00000000f3500000,0x00000000f3500000,0x00000000f5500000)
 ParOldGen       total 151040K, used 51189K [0x00000000c0000000, 0x00000000c9380000, 0x00000000eab00000)
  object space 151040K, 33% used [0x00000000c0000000,0x00000000c31fd598,0x00000000c9380000)
 Metaspace       used 71865K, capacity 76796K, committed 77056K, reserved 1116160K
  class space    used 9367K, capacity 10205K, committed 10240K, reserved 1048576K
}
Event: 2553.576 GC heap before
{Heap before GC invocations=35 (full 3):
 PSYoungGen      total 130048K, used 129657K [0x00000000eab00000, 0x00000000f5500000, 0x0000000100000000)
  eden space 108544K, 100% used [0x00000000eab00000,0x00000000f1500000,0x00000000f1500000)
  from space 21504K, 98% used [0x00000000f1780000,0x00000000f2c1e7d0,0x00000000f2c80000)
  to   space 32768K, 0% used [0x00000000f3500000,0x00000000f3500000,0x00000000f5500000)
 ParOldGen       total 151040K, used 51189K [0x00000000c0000000, 0x00000000c9380000, 0x00000000eab00000)
  object space 151040K, 33% used [0x00000000c0000000,0x00000000c31fd598,0x00000000c9380000)
 Metaspace       used 72168K, capacity 77508K, committed 77696K, reserved 1116160K
  class space    used 9432K, capacity 10317K, committed 10368K, reserved 1048576K
Event: 2553.587 GC heap after
Heap after GC invocations=35 (full 3):
 PSYoungGen      total 134144K, used 17460K [0x00000000eab00000, 0x00000000f5080000, 0x0000000100000000)
  eden space 105984K, 0% used [0x00000000eab00000,0x00000000eab00000,0x00000000f1280000)
  from space 28160K, 62% used [0x00000000f3500000,0x00000000f460d2f8,0x00000000f5080000)
  to   space 31744K, 0% used [0x00000000f1280000,0x00000000f1280000,0x00000000f3180000)
 ParOldGen       total 151040K, used 51437K [0x00000000c0000000, 0x00000000c9380000, 0x00000000eab00000)
  object space 151040K, 34% used [0x00000000c0000000,0x00000000c323b598,0x00000000c9380000)
 Metaspace       used 72168K, capacity 77508K, committed 77696K, reserved 1116160K
  class space    used 9432K, capacity 10317K, committed 10368K, reserved 1048576K
}
Event: 2554.170 GC heap before
{Heap before GC invocations=36 (full 3):
 PSYoungGen      total 134144K, used 123444K [0x00000000eab00000, 0x00000000f5080000, 0x0000000100000000)
  eden space 105984K, 100% used [0x00000000eab00000,0x00000000f1280000,0x00000000f1280000)
  from space 28160K, 62% used [0x00000000f3500000,0x00000000f460d2f8,0x00000000f5080000)
  to   space 31744K, 0% used [0x00000000f1280000,0x00000000f1280000,0x00000000f3180000)
 ParOldGen       total 151040K, used 51437K [0x00000000c0000000, 0x00000000c9380000, 0x00000000eab00000)
  object space 151040K, 34% used [0x00000000c0000000,0x00000000c323b598,0x00000000c9380000)
 Metaspace       used 72681K, capacity 78686K, committed 78848K, reserved 1118208K
  class space    used 9526K, capacity 10492K, committed 10496K, reserved 1048576K
Event: 2554.183 GC heap after
Heap after GC invocations=36 (full 3):
 PSYoungGen      total 123904K, used 20173K [0x00000000eab00000, 0x00000000f4d00000, 0x0000000100000000)
  eden space 103424K, 0% used [0x00000000eab00000,0x00000000eab00000,0x00000000f1000000)
  from space 20480K, 98% used [0x00000000f1280000,0x00000000f26335d8,0x00000000f2680000)
  to   space 31232K, 0% used [0x00000000f2e80000,0x00000000f2e80000,0x00000000f4d00000)
 ParOldGen       total 151040K, used 52157K [0x00000000c0000000, 0x00000000c9380000, 0x00000000eab00000)
  object space 151040K, 34% used [0x00000000c0000000,0x00000000c32ef5c8,0x00000000c9380000)
 Metaspace       used 72681K, capacity 78686K, committed 78848K, reserved 1118208K
  class space    used 9526K, capacity 10492K, committed 10496K, reserved 1048576K
}

